2017-03-02 22:23:01,087 [main] class gov.nist.drmf.interpreter.maple.translation.MapleInterface - Cannot translate given maple input.
java.lang.IllegalArgumentException: Illegal length for Function: 2
	at gov.nist.drmf.interpreter.maple.translation.components.FunctionAndVariableTranslator.<init>(FunctionAndVariableTranslator.java:24)
	at gov.nist.drmf.interpreter.maple.translation.components.ListTranslator.translate(ListTranslator.java:45)
	at gov.nist.drmf.interpreter.maple.translation.components.AbstractAlgebraicTranslator.translateGeneralExpression(AbstractAlgebraicTranslator.java:48)
	at gov.nist.drmf.interpreter.maple.translation.components.SequenceTranslator.parseSequence(SequenceTranslator.java:54)
	at gov.nist.drmf.interpreter.maple.translation.components.SequenceTranslator.parseSum(SequenceTranslator.java:41)
	at gov.nist.drmf.interpreter.maple.translation.components.SequenceTranslator.translate(SequenceTranslator.java:22)
	at gov.nist.drmf.interpreter.maple.translation.components.SequenceTranslator.translate(SequenceTranslator.java:13)
	at gov.nist.drmf.interpreter.maple.translation.components.ListTranslator.translate(ListTranslator.java:62)
	at gov.nist.drmf.interpreter.maple.translation.components.AbstractAlgebraicTranslator.translateGeneralExpression(AbstractAlgebraicTranslator.java:48)
	at gov.nist.drmf.interpreter.maple.translation.MapleInterface.translate(MapleInterface.java:172)
	at gov.nist.drmf.interpreter.roundtrip.RoundTripInterface.translateFromMaple(RoundTripInterface.java:38)
	at gov.nist.drmf.interpreter.roundtrip.RoundTripTests.tester(RoundTripTests.java:29)
	at gov.nist.drmf.interpreter.roundtrip.RoundTripTests.symbolicPolynomialTest(RoundTripTests.java:61)
	at sun.reflect.NativeMethodAccessorImpl.invoke0(Native Method)
	at sun.reflect.NativeMethodAccessorImpl.invoke(NativeMethodAccessorImpl.java:62)
	at sun.reflect.DelegatingMethodAccessorImpl.invoke(DelegatingMethodAccessorImpl.java:43)
	at java.lang.reflect.Method.invoke(Method.java:498)
	at org.junit.platform.commons.util.ReflectionUtils.invokeMethod(ReflectionUtils.java:289)
	at org.junit.jupiter.engine.execution.ExecutableInvoker.invoke(ExecutableInvoker.java:114)
	at org.junit.jupiter.engine.descriptor.MethodTestDescriptor.lambda$invokeTestMethod$7(MethodTestDescriptor.java:212)
	at org.junit.jupiter.engine.execution.ThrowableCollector.execute(ThrowableCollector.java:40)
	at org.junit.jupiter.engine.descriptor.MethodTestDescriptor.invokeTestMethod(MethodTestDescriptor.java:208)
	at org.junit.jupiter.engine.descriptor.MethodTestDescriptor.execute(MethodTestDescriptor.java:155)
	at org.junit.jupiter.engine.descriptor.MethodTestDescriptor.execute(MethodTestDescriptor.java:63)
	at org.junit.platform.engine.support.hierarchical.HierarchicalTestExecutor.lambda$execute$0(HierarchicalTestExecutor.java:80)
	at org.junit.platform.engine.support.hierarchical.SingleTestExecutor.executeSafely(SingleTestExecutor.java:66)
	at org.junit.platform.engine.support.hierarchical.HierarchicalTestExecutor.execute(HierarchicalTestExecutor.java:76)
	at org.junit.platform.engine.support.hierarchical.HierarchicalTestExecutor.lambda$execute$0(HierarchicalTestExecutor.java:87)
	at org.junit.platform.engine.support.hierarchical.SingleTestExecutor.executeSafely(SingleTestExecutor.java:66)
	at org.junit.platform.engine.support.hierarchical.HierarchicalTestExecutor.execute(HierarchicalTestExecutor.java:76)
	at org.junit.platform.engine.support.hierarchical.HierarchicalTestExecutor.lambda$execute$0(HierarchicalTestExecutor.java:87)
	at org.junit.platform.engine.support.hierarchical.SingleTestExecutor.executeSafely(SingleTestExecutor.java:66)
	at org.junit.platform.engine.support.hierarchical.HierarchicalTestExecutor.execute(HierarchicalTestExecutor.java:76)
	at org.junit.platform.engine.support.hierarchical.HierarchicalTestExecutor.execute(HierarchicalTestExecutor.java:51)
	at org.junit.platform.engine.support.hierarchical.HierarchicalTestEngine.execute(HierarchicalTestEngine.java:43)
	at org.junit.platform.launcher.core.DefaultLauncher.execute(DefaultLauncher.java:129)
	at org.junit.platform.launcher.core.DefaultLauncher.execute(DefaultLauncher.java:85)
	at com.intellij.junit5.JUnit5IdeaTestRunner.startRunnerWithArgs(JUnit5IdeaTestRunner.java:59)
	at com.intellij.rt.execution.junit.IdeaTestRunner$Repeater.startRunnerWithArgs(IdeaTestRunner.java:51)
	at com.intellij.rt.execution.junit.JUnitStarter.prepareStreamsAndStart(JUnitStarter.java:237)
	at com.intellij.rt.execution.junit.JUnitStarter.main(JUnitStarter.java:70)
	at sun.reflect.NativeMethodAccessorImpl.invoke0(Native Method)
	at sun.reflect.NativeMethodAccessorImpl.invoke(NativeMethodAccessorImpl.java:62)
	at sun.reflect.DelegatingMethodAccessorImpl.invoke(DelegatingMethodAccessorImpl.java:43)
	at java.lang.reflect.Method.invoke(Method.java:498)
	at com.intellij.rt.execution.application.AppMain.main(AppMain.java:147)

2017-03-02 22:23:01,117 [main] class gov.nist.drmf.interpreter.maple.translation.MapleInterface - Cannot translate given maple input.
java.lang.IllegalArgumentException: Illegal length for Function: 2
	at gov.nist.drmf.interpreter.maple.translation.components.FunctionAndVariableTranslator.<init>(FunctionAndVariableTranslator.java:24)
	at gov.nist.drmf.interpreter.maple.translation.components.ListTranslator.translate(ListTranslator.java:45)
	at gov.nist.drmf.interpreter.maple.translation.components.AbstractAlgebraicTranslator.translateGeneralExpression(AbstractAlgebraicTranslator.java:48)
	at gov.nist.drmf.interpreter.maple.translation.components.SequenceTranslator.parseSequence(SequenceTranslator.java:54)
	at gov.nist.drmf.interpreter.maple.translation.components.SequenceTranslator.parseSum(SequenceTranslator.java:41)
	at gov.nist.drmf.interpreter.maple.translation.components.SequenceTranslator.translate(SequenceTranslator.java:22)
	at gov.nist.drmf.interpreter.maple.translation.components.SequenceTranslator.translate(SequenceTranslator.java:13)
	at gov.nist.drmf.interpreter.maple.translation.components.ListTranslator.translate(ListTranslator.java:62)
	at gov.nist.drmf.interpreter.maple.translation.components.AbstractAlgebraicTranslator.translateGeneralExpression(AbstractAlgebraicTranslator.java:48)
	at gov.nist.drmf.interpreter.maple.translation.components.FunctionAndVariableTranslator.parsePower(FunctionAndVariableTranslator.java:92)
	at gov.nist.drmf.interpreter.maple.translation.components.FunctionAndVariableTranslator.translate(FunctionAndVariableTranslator.java:46)
	at gov.nist.drmf.interpreter.maple.translation.components.FunctionAndVariableTranslator.translate(FunctionAndVariableTranslator.java:19)
	at gov.nist.drmf.interpreter.maple.translation.components.ListTranslator.translate(ListTranslator.java:62)
	at gov.nist.drmf.interpreter.maple.translation.components.AbstractAlgebraicTranslator.translateGeneralExpression(AbstractAlgebraicTranslator.java:48)
	at gov.nist.drmf.interpreter.maple.translation.components.SequenceTranslator.parseSequence(SequenceTranslator.java:54)
	at gov.nist.drmf.interpreter.maple.translation.components.SequenceTranslator.parseProd(SequenceTranslator.java:37)
	at gov.nist.drmf.interpreter.maple.translation.components.SequenceTranslator.translate(SequenceTranslator.java:25)
	at gov.nist.drmf.interpreter.maple.translation.components.SequenceTranslator.translate(SequenceTranslator.java:13)
	at gov.nist.drmf.interpreter.maple.translation.components.ListTranslator.translate(ListTranslator.java:62)
	at gov.nist.drmf.interpreter.maple.translation.components.AbstractAlgebraicTranslator.translateGeneralExpression(AbstractAlgebraicTranslator.java:48)
	at gov.nist.drmf.interpreter.maple.translation.components.SequenceTranslator.parseSequence(SequenceTranslator.java:54)
	at gov.nist.drmf.interpreter.maple.translation.components.SequenceTranslator.parseProd(SequenceTranslator.java:37)
	at gov.nist.drmf.interpreter.maple.translation.components.SequenceTranslator.translate(SequenceTranslator.java:25)
	at gov.nist.drmf.interpreter.maple.translation.components.SequenceTranslator.translate(SequenceTranslator.java:13)
	at gov.nist.drmf.interpreter.maple.translation.components.ListTranslator.translate(ListTranslator.java:62)
	at gov.nist.drmf.interpreter.maple.translation.components.AbstractAlgebraicTranslator.translateGeneralExpression(AbstractAlgebraicTranslator.java:48)
	at gov.nist.drmf.interpreter.maple.translation.MapleInterface.translate(MapleInterface.java:172)
	at gov.nist.drmf.interpreter.roundtrip.RoundTripInterface.translateFromMaple(RoundTripInterface.java:38)
	at gov.nist.drmf.interpreter.roundtrip.RoundTripTests.tester(RoundTripTests.java:29)
	at gov.nist.drmf.interpreter.roundtrip.RoundTripTests.symbolicNestedFractionTest(RoundTripTests.java:66)
	at sun.reflect.NativeMethodAccessorImpl.invoke0(Native Method)
	at sun.reflect.NativeMethodAccessorImpl.invoke(NativeMethodAccessorImpl.java:62)
	at sun.reflect.DelegatingMethodAccessorImpl.invoke(DelegatingMethodAccessorImpl.java:43)
	at java.lang.reflect.Method.invoke(Method.java:498)
	at org.junit.platform.commons.util.ReflectionUtils.invokeMethod(ReflectionUtils.java:289)
	at org.junit.jupiter.engine.execution.ExecutableInvoker.invoke(ExecutableInvoker.java:114)
	at org.junit.jupiter.engine.descriptor.MethodTestDescriptor.lambda$invokeTestMethod$7(MethodTestDescriptor.java:212)
	at org.junit.jupiter.engine.execution.ThrowableCollector.execute(ThrowableCollector.java:40)
	at org.junit.jupiter.engine.descriptor.MethodTestDescriptor.invokeTestMethod(MethodTestDescriptor.java:208)
	at org.junit.jupiter.engine.descriptor.MethodTestDescriptor.execute(MethodTestDescriptor.java:155)
	at org.junit.jupiter.engine.descriptor.MethodTestDescriptor.execute(MethodTestDescriptor.java:63)
	at org.junit.platform.engine.support.hierarchical.HierarchicalTestExecutor.lambda$execute$0(HierarchicalTestExecutor.java:80)
	at org.junit.platform.engine.support.hierarchical.SingleTestExecutor.executeSafely(SingleTestExecutor.java:66)
	at org.junit.platform.engine.support.hierarchical.HierarchicalTestExecutor.execute(HierarchicalTestExecutor.java:76)
	at org.junit.platform.engine.support.hierarchical.HierarchicalTestExecutor.lambda$execute$0(HierarchicalTestExecutor.java:87)
	at org.junit.platform.engine.support.hierarchical.SingleTestExecutor.executeSafely(SingleTestExecutor.java:66)
	at org.junit.platform.engine.support.hierarchical.HierarchicalTestExecutor.execute(HierarchicalTestExecutor.java:76)
	at org.junit.platform.engine.support.hierarchical.HierarchicalTestExecutor.lambda$execute$0(HierarchicalTestExecutor.java:87)
	at org.junit.platform.engine.support.hierarchical.SingleTestExecutor.executeSafely(SingleTestExecutor.java:66)
	at org.junit.platform.engine.support.hierarchical.HierarchicalTestExecutor.execute(HierarchicalTestExecutor.java:76)
	at org.junit.platform.engine.support.hierarchical.HierarchicalTestExecutor.execute(HierarchicalTestExecutor.java:51)
	at org.junit.platform.engine.support.hierarchical.HierarchicalTestEngine.execute(HierarchicalTestEngine.java:43)
	at org.junit.platform.launcher.core.DefaultLauncher.execute(DefaultLauncher.java:129)
	at org.junit.platform.launcher.core.DefaultLauncher.execute(DefaultLauncher.java:85)
	at com.intellij.junit5.JUnit5IdeaTestRunner.startRunnerWithArgs(JUnit5IdeaTestRunner.java:59)
	at com.intellij.rt.execution.junit.IdeaTestRunner$Repeater.startRunnerWithArgs(IdeaTestRunner.java:51)
	at com.intellij.rt.execution.junit.JUnitStarter.prepareStreamsAndStart(JUnitStarter.java:237)
	at com.intellij.rt.execution.junit.JUnitStarter.main(JUnitStarter.java:70)
	at sun.reflect.NativeMethodAccessorImpl.invoke0(Native Method)
	at sun.reflect.NativeMethodAccessorImpl.invoke(NativeMethodAccessorImpl.java:62)
	at sun.reflect.DelegatingMethodAccessorImpl.invoke(DelegatingMethodAccessorImpl.java:43)
	at java.lang.reflect.Method.invoke(Method.java:498)
	at com.intellij.rt.execution.application.AppMain.main(AppMain.java:147)

2017-03-02 22:23:01,161 [main] class gov.nist.drmf.interpreter.maple.translation.MapleInterface - Cannot translate given maple input.
java.lang.IllegalArgumentException: Illegal length for Function: 2
	at gov.nist.drmf.interpreter.maple.translation.components.FunctionAndVariableTranslator.<init>(FunctionAndVariableTranslator.java:24)
	at gov.nist.drmf.interpreter.maple.translation.components.ListTranslator.translate(ListTranslator.java:45)
	at gov.nist.drmf.interpreter.maple.translation.components.AbstractAlgebraicTranslator.translateGeneralExpression(AbstractAlgebraicTranslator.java:48)
	at gov.nist.drmf.interpreter.maple.translation.components.FunctionAndVariableTranslator.parsePower(FunctionAndVariableTranslator.java:92)
	at gov.nist.drmf.interpreter.maple.translation.components.FunctionAndVariableTranslator.translate(FunctionAndVariableTranslator.java:46)
	at gov.nist.drmf.interpreter.maple.translation.components.FunctionAndVariableTranslator.translate(FunctionAndVariableTranslator.java:19)
	at gov.nist.drmf.interpreter.maple.translation.components.ListTranslator.translate(ListTranslator.java:62)
	at gov.nist.drmf.interpreter.maple.translation.components.AbstractAlgebraicTranslator.translateGeneralExpression(AbstractAlgebraicTranslator.java:48)
	at gov.nist.drmf.interpreter.maple.translation.components.SequenceTranslator.parseSequence(SequenceTranslator.java:54)
	at gov.nist.drmf.interpreter.maple.translation.components.SequenceTranslator.parseSum(SequenceTranslator.java:41)
	at gov.nist.drmf.interpreter.maple.translation.components.SequenceTranslator.translate(SequenceTranslator.java:22)
	at gov.nist.drmf.interpreter.maple.translation.components.SequenceTranslator.translate(SequenceTranslator.java:13)
	at gov.nist.drmf.interpreter.maple.translation.components.ListTranslator.translate(ListTranslator.java:62)
	at gov.nist.drmf.interpreter.maple.translation.components.AbstractAlgebraicTranslator.translateGeneralExpression(AbstractAlgebraicTranslator.java:48)
	at gov.nist.drmf.interpreter.maple.translation.MapleInterface.translate(MapleInterface.java:172)
	at gov.nist.drmf.interpreter.roundtrip.RoundTripInterface.translateFromMaple(RoundTripInterface.java:38)
	at gov.nist.drmf.interpreter.roundtrip.RoundTripTests.tester(RoundTripTests.java:29)
	at gov.nist.drmf.interpreter.roundtrip.RoundTripTests.symbolicComplexConstantsTest(RoundTripTests.java:56)
	at sun.reflect.NativeMethodAccessorImpl.invoke0(Native Method)
	at sun.reflect.NativeMethodAccessorImpl.invoke(NativeMethodAccessorImpl.java:62)
	at sun.reflect.DelegatingMethodAccessorImpl.invoke(DelegatingMethodAccessorImpl.java:43)
	at java.lang.reflect.Method.invoke(Method.java:498)
	at org.junit.platform.commons.util.ReflectionUtils.invokeMethod(ReflectionUtils.java:289)
	at org.junit.jupiter.engine.execution.ExecutableInvoker.invoke(ExecutableInvoker.java:114)
	at org.junit.jupiter.engine.descriptor.MethodTestDescriptor.lambda$invokeTestMethod$7(MethodTestDescriptor.java:212)
	at org.junit.jupiter.engine.execution.ThrowableCollector.execute(ThrowableCollector.java:40)
	at org.junit.jupiter.engine.descriptor.MethodTestDescriptor.invokeTestMethod(MethodTestDescriptor.java:208)
	at org.junit.jupiter.engine.descriptor.MethodTestDescriptor.execute(MethodTestDescriptor.java:155)
	at org.junit.jupiter.engine.descriptor.MethodTestDescriptor.execute(MethodTestDescriptor.java:63)
	at org.junit.platform.engine.support.hierarchical.HierarchicalTestExecutor.lambda$execute$0(HierarchicalTestExecutor.java:80)
	at org.junit.platform.engine.support.hierarchical.SingleTestExecutor.executeSafely(SingleTestExecutor.java:66)
	at org.junit.platform.engine.support.hierarchical.HierarchicalTestExecutor.execute(HierarchicalTestExecutor.java:76)
	at org.junit.platform.engine.support.hierarchical.HierarchicalTestExecutor.lambda$execute$0(HierarchicalTestExecutor.java:87)
	at org.junit.platform.engine.support.hierarchical.SingleTestExecutor.executeSafely(SingleTestExecutor.java:66)
	at org.junit.platform.engine.support.hierarchical.HierarchicalTestExecutor.execute(HierarchicalTestExecutor.java:76)
	at org.junit.platform.engine.support.hierarchical.HierarchicalTestExecutor.lambda$execute$0(HierarchicalTestExecutor.java:87)
	at org.junit.platform.engine.support.hierarchical.SingleTestExecutor.executeSafely(SingleTestExecutor.java:66)
	at org.junit.platform.engine.support.hierarchical.HierarchicalTestExecutor.execute(HierarchicalTestExecutor.java:76)
	at org.junit.platform.engine.support.hierarchical.HierarchicalTestExecutor.execute(HierarchicalTestExecutor.java:51)
	at org.junit.platform.engine.support.hierarchical.HierarchicalTestEngine.execute(HierarchicalTestEngine.java:43)
	at org.junit.platform.launcher.core.DefaultLauncher.execute(DefaultLauncher.java:129)
	at org.junit.platform.launcher.core.DefaultLauncher.execute(DefaultLauncher.java:85)
	at com.intellij.junit5.JUnit5IdeaTestRunner.startRunnerWithArgs(JUnit5IdeaTestRunner.java:59)
	at com.intellij.rt.execution.junit.IdeaTestRunner$Repeater.startRunnerWithArgs(IdeaTestRunner.java:51)
	at com.intellij.rt.execution.junit.JUnitStarter.prepareStreamsAndStart(JUnitStarter.java:237)
	at com.intellij.rt.execution.junit.JUnitStarter.main(JUnitStarter.java:70)
	at sun.reflect.NativeMethodAccessorImpl.invoke0(Native Method)
	at sun.reflect.NativeMethodAccessorImpl.invoke(NativeMethodAccessorImpl.java:62)
	at sun.reflect.DelegatingMethodAccessorImpl.invoke(DelegatingMethodAccessorImpl.java:43)
	at java.lang.reflect.Method.invoke(Method.java:498)
	at com.intellij.rt.execution.application.AppMain.main(AppMain.java:147)

2017-03-02 22:23:01,169 [main] class gov.nist.drmf.interpreter.maple.translation.MapleInterface - Cannot translate given maple input.
java.lang.IllegalArgumentException: Illegal length for Function: 2
	at gov.nist.drmf.interpreter.maple.translation.components.FunctionAndVariableTranslator.<init>(FunctionAndVariableTranslator.java:24)
	at gov.nist.drmf.interpreter.maple.translation.components.ListTranslator.translate(ListTranslator.java:45)
	at gov.nist.drmf.interpreter.maple.translation.components.AbstractAlgebraicTranslator.translateGeneralExpression(AbstractAlgebraicTranslator.java:48)
	at gov.nist.drmf.interpreter.maple.translation.components.FunctionAndVariableTranslator.parsePower(FunctionAndVariableTranslator.java:92)
	at gov.nist.drmf.interpreter.maple.translation.components.FunctionAndVariableTranslator.translate(FunctionAndVariableTranslator.java:46)
	at gov.nist.drmf.interpreter.maple.translation.components.FunctionAndVariableTranslator.translate(FunctionAndVariableTranslator.java:19)
	at gov.nist.drmf.interpreter.maple.translation.components.ListTranslator.translate(ListTranslator.java:62)
	at gov.nist.drmf.interpreter.maple.translation.components.AbstractAlgebraicTranslator.translateGeneralExpression(AbstractAlgebraicTranslator.java:48)
	at gov.nist.drmf.interpreter.maple.translation.components.FunctionAndVariableTranslator.parsePower(FunctionAndVariableTranslator.java:92)
	at gov.nist.drmf.interpreter.maple.translation.components.FunctionAndVariableTranslator.translate(FunctionAndVariableTranslator.java:46)
	at gov.nist.drmf.interpreter.maple.translation.components.FunctionAndVariableTranslator.translate(FunctionAndVariableTranslator.java:19)
	at gov.nist.drmf.interpreter.maple.translation.components.ListTranslator.translate(ListTranslator.java:62)
	at gov.nist.drmf.interpreter.maple.translation.components.AbstractAlgebraicTranslator.translateGeneralExpression(AbstractAlgebraicTranslator.java:48)
	at gov.nist.drmf.interpreter.maple.translation.components.FunctionAndVariableTranslator.parsePower(FunctionAndVariableTranslator.java:92)
	at gov.nist.drmf.interpreter.maple.translation.components.FunctionAndVariableTranslator.translate(FunctionAndVariableTranslator.java:46)
	at gov.nist.drmf.interpreter.maple.translation.components.FunctionAndVariableTranslator.translate(FunctionAndVariableTranslator.java:19)
	at gov.nist.drmf.interpreter.maple.translation.components.ListTranslator.translate(ListTranslator.java:62)
	at gov.nist.drmf.interpreter.maple.translation.components.AbstractAlgebraicTranslator.translateGeneralExpression(AbstractAlgebraicTranslator.java:48)
	at gov.nist.drmf.interpreter.maple.translation.MapleInterface.translate(MapleInterface.java:172)
	at gov.nist.drmf.interpreter.roundtrip.RoundTripInterface.translateFromMaple(RoundTripInterface.java:38)
	at gov.nist.drmf.interpreter.roundtrip.RoundTripTests.tester(RoundTripTests.java:29)
	at gov.nist.drmf.interpreter.roundtrip.RoundTripTests.symbolicNestedPowerTest(RoundTripTests.java:71)
	at sun.reflect.NativeMethodAccessorImpl.invoke0(Native Method)
	at sun.reflect.NativeMethodAccessorImpl.invoke(NativeMethodAccessorImpl.java:62)
	at sun.reflect.DelegatingMethodAccessorImpl.invoke(DelegatingMethodAccessorImpl.java:43)
	at java.lang.reflect.Method.invoke(Method.java:498)
	at org.junit.platform.commons.util.ReflectionUtils.invokeMethod(ReflectionUtils.java:289)
	at org.junit.jupiter.engine.execution.ExecutableInvoker.invoke(ExecutableInvoker.java:114)
	at org.junit.jupiter.engine.descriptor.MethodTestDescriptor.lambda$invokeTestMethod$7(MethodTestDescriptor.java:212)
	at org.junit.jupiter.engine.execution.ThrowableCollector.execute(ThrowableCollector.java:40)
	at org.junit.jupiter.engine.descriptor.MethodTestDescriptor.invokeTestMethod(MethodTestDescriptor.java:208)
	at org.junit.jupiter.engine.descriptor.MethodTestDescriptor.execute(MethodTestDescriptor.java:155)
	at org.junit.jupiter.engine.descriptor.MethodTestDescriptor.execute(MethodTestDescriptor.java:63)
	at org.junit.platform.engine.support.hierarchical.HierarchicalTestExecutor.lambda$execute$0(HierarchicalTestExecutor.java:80)
	at org.junit.platform.engine.support.hierarchical.SingleTestExecutor.executeSafely(SingleTestExecutor.java:66)
	at org.junit.platform.engine.support.hierarchical.HierarchicalTestExecutor.execute(HierarchicalTestExecutor.java:76)
	at org.junit.platform.engine.support.hierarchical.HierarchicalTestExecutor.lambda$execute$0(HierarchicalTestExecutor.java:87)
	at org.junit.platform.engine.support.hierarchical.SingleTestExecutor.executeSafely(SingleTestExecutor.java:66)
	at org.junit.platform.engine.support.hierarchical.HierarchicalTestExecutor.execute(HierarchicalTestExecutor.java:76)
	at org.junit.platform.engine.support.hierarchical.HierarchicalTestExecutor.lambda$execute$0(HierarchicalTestExecutor.java:87)
	at org.junit.platform.engine.support.hierarchical.SingleTestExecutor.executeSafely(SingleTestExecutor.java:66)
	at org.junit.platform.engine.support.hierarchical.HierarchicalTestExecutor.execute(HierarchicalTestExecutor.java:76)
	at org.junit.platform.engine.support.hierarchical.HierarchicalTestExecutor.execute(HierarchicalTestExecutor.java:51)
	at org.junit.platform.engine.support.hierarchical.HierarchicalTestEngine.execute(HierarchicalTestEngine.java:43)
	at org.junit.platform.launcher.core.DefaultLauncher.execute(DefaultLauncher.java:129)
	at org.junit.platform.launcher.core.DefaultLauncher.execute(DefaultLauncher.java:85)
	at com.intellij.junit5.JUnit5IdeaTestRunner.startRunnerWithArgs(JUnit5IdeaTestRunner.java:59)
	at com.intellij.rt.execution.junit.IdeaTestRunner$Repeater.startRunnerWithArgs(IdeaTestRunner.java:51)
	at com.intellij.rt.execution.junit.JUnitStarter.prepareStreamsAndStart(JUnitStarter.java:237)
	at com.intellij.rt.execution.junit.JUnitStarter.main(JUnitStarter.java:70)
	at sun.reflect.NativeMethodAccessorImpl.invoke0(Native Method)
	at sun.reflect.NativeMethodAccessorImpl.invoke(NativeMethodAccessorImpl.java:62)
	at sun.reflect.DelegatingMethodAccessorImpl.invoke(DelegatingMethodAccessorImpl.java:43)
	at java.lang.reflect.Method.invoke(Method.java:498)
	at com.intellij.rt.execution.application.AppMain.main(AppMain.java:147)

2017-03-02 22:23:01,185 [main] class gov.nist.drmf.interpreter.maple.translation.MapleInterface - Cannot translate given maple input.
java.lang.IllegalArgumentException: Illegal length for Function: 2
	at gov.nist.drmf.interpreter.maple.translation.components.FunctionAndVariableTranslator.<init>(FunctionAndVariableTranslator.java:24)
	at gov.nist.drmf.interpreter.maple.translation.components.ListTranslator.translate(ListTranslator.java:45)
	at gov.nist.drmf.interpreter.maple.translation.components.AbstractAlgebraicTranslator.translateGeneralExpression(AbstractAlgebraicTranslator.java:48)
	at gov.nist.drmf.interpreter.maple.translation.components.SequenceTranslator.parseSequence(SequenceTranslator.java:54)
	at gov.nist.drmf.interpreter.maple.translation.components.SequenceTranslator.parseSum(SequenceTranslator.java:41)
	at gov.nist.drmf.interpreter.maple.translation.components.SequenceTranslator.translate(SequenceTranslator.java:22)
	at gov.nist.drmf.interpreter.maple.translation.components.SequenceTranslator.translate(SequenceTranslator.java:13)
	at gov.nist.drmf.interpreter.maple.translation.components.ListTranslator.translate(ListTranslator.java:62)
	at gov.nist.drmf.interpreter.maple.translation.components.AbstractAlgebraicTranslator.translateGeneralExpression(AbstractAlgebraicTranslator.java:48)
	at gov.nist.drmf.interpreter.maple.translation.components.FunctionAndVariableTranslator.parsePower(FunctionAndVariableTranslator.java:92)
	at gov.nist.drmf.interpreter.maple.translation.components.FunctionAndVariableTranslator.translate(FunctionAndVariableTranslator.java:46)
	at gov.nist.drmf.interpreter.maple.translation.components.FunctionAndVariableTranslator.translate(FunctionAndVariableTranslator.java:19)
	at gov.nist.drmf.interpreter.maple.translation.components.ListTranslator.translate(ListTranslator.java:62)
	at gov.nist.drmf.interpreter.maple.translation.components.AbstractAlgebraicTranslator.translateGeneralExpression(AbstractAlgebraicTranslator.java:48)
	at gov.nist.drmf.interpreter.maple.translation.components.SequenceTranslator.parseSequence(SequenceTranslator.java:54)
	at gov.nist.drmf.interpreter.maple.translation.components.SequenceTranslator.parseProd(SequenceTranslator.java:37)
	at gov.nist.drmf.interpreter.maple.translation.components.SequenceTranslator.translate(SequenceTranslator.java:25)
	at gov.nist.drmf.interpreter.maple.translation.components.SequenceTranslator.translate(SequenceTranslator.java:13)
	at gov.nist.drmf.interpreter.maple.translation.components.ListTranslator.translate(ListTranslator.java:62)
	at gov.nist.drmf.interpreter.maple.translation.components.AbstractAlgebraicTranslator.translateGeneralExpression(AbstractAlgebraicTranslator.java:48)
	at gov.nist.drmf.interpreter.maple.translation.components.SequenceTranslator.parseSequence(SequenceTranslator.java:54)
	at gov.nist.drmf.interpreter.maple.translation.components.SequenceTranslator.parseProd(SequenceTranslator.java:37)
	at gov.nist.drmf.interpreter.maple.translation.components.SequenceTranslator.translate(SequenceTranslator.java:25)
	at gov.nist.drmf.interpreter.maple.translation.components.SequenceTranslator.translate(SequenceTranslator.java:13)
	at gov.nist.drmf.interpreter.maple.translation.components.ListTranslator.translate(ListTranslator.java:62)
	at gov.nist.drmf.interpreter.maple.translation.components.AbstractAlgebraicTranslator.translateGeneralExpression(AbstractAlgebraicTranslator.java:48)
	at gov.nist.drmf.interpreter.maple.translation.MapleInterface.translate(MapleInterface.java:172)
	at gov.nist.drmf.interpreter.roundtrip.RoundTripInterface.translateFromMaple(RoundTripInterface.java:38)
	at gov.nist.drmf.interpreter.roundtrip.RoundTripTests.multipleTranslationTest(RoundTripTests.java:80)
	at sun.reflect.NativeMethodAccessorImpl.invoke0(Native Method)
	at sun.reflect.NativeMethodAccessorImpl.invoke(NativeMethodAccessorImpl.java:62)
	at sun.reflect.DelegatingMethodAccessorImpl.invoke(DelegatingMethodAccessorImpl.java:43)
	at java.lang.reflect.Method.invoke(Method.java:498)
	at org.junit.platform.commons.util.ReflectionUtils.invokeMethod(ReflectionUtils.java:289)
	at org.junit.jupiter.engine.execution.ExecutableInvoker.invoke(ExecutableInvoker.java:114)
	at org.junit.jupiter.engine.descriptor.MethodTestDescriptor.lambda$invokeTestMethod$7(MethodTestDescriptor.java:212)
	at org.junit.jupiter.engine.execution.ThrowableCollector.execute(ThrowableCollector.java:40)
	at org.junit.jupiter.engine.descriptor.MethodTestDescriptor.invokeTestMethod(MethodTestDescriptor.java:208)
	at org.junit.jupiter.engine.descriptor.MethodTestDescriptor.execute(MethodTestDescriptor.java:155)
	at org.junit.jupiter.engine.descriptor.MethodTestDescriptor.execute(MethodTestDescriptor.java:63)
	at org.junit.platform.engine.support.hierarchical.HierarchicalTestExecutor.lambda$execute$0(HierarchicalTestExecutor.java:80)
	at org.junit.platform.engine.support.hierarchical.SingleTestExecutor.executeSafely(SingleTestExecutor.java:66)
	at org.junit.platform.engine.support.hierarchical.HierarchicalTestExecutor.execute(HierarchicalTestExecutor.java:76)
	at org.junit.platform.engine.support.hierarchical.HierarchicalTestExecutor.lambda$execute$0(HierarchicalTestExecutor.java:87)
	at org.junit.platform.engine.support.hierarchical.SingleTestExecutor.executeSafely(SingleTestExecutor.java:66)
	at org.junit.platform.engine.support.hierarchical.HierarchicalTestExecutor.execute(HierarchicalTestExecutor.java:76)
	at org.junit.platform.engine.support.hierarchical.HierarchicalTestExecutor.lambda$execute$0(HierarchicalTestExecutor.java:87)
	at org.junit.platform.engine.support.hierarchical.SingleTestExecutor.executeSafely(SingleTestExecutor.java:66)
	at org.junit.platform.engine.support.hierarchical.HierarchicalTestExecutor.execute(HierarchicalTestExecutor.java:76)
	at org.junit.platform.engine.support.hierarchical.HierarchicalTestExecutor.execute(HierarchicalTestExecutor.java:51)
	at org.junit.platform.engine.support.hierarchical.HierarchicalTestEngine.execute(HierarchicalTestEngine.java:43)
	at org.junit.platform.launcher.core.DefaultLauncher.execute(DefaultLauncher.java:129)
	at org.junit.platform.launcher.core.DefaultLauncher.execute(DefaultLauncher.java:85)
	at com.intellij.junit5.JUnit5IdeaTestRunner.startRunnerWithArgs(JUnit5IdeaTestRunner.java:59)
	at com.intellij.rt.execution.junit.IdeaTestRunner$Repeater.startRunnerWithArgs(IdeaTestRunner.java:51)
	at com.intellij.rt.execution.junit.JUnitStarter.prepareStreamsAndStart(JUnitStarter.java:237)
	at com.intellij.rt.execution.junit.JUnitStarter.main(JUnitStarter.java:70)
	at sun.reflect.NativeMethodAccessorImpl.invoke0(Native Method)
	at sun.reflect.NativeMethodAccessorImpl.invoke(NativeMethodAccessorImpl.java:62)
	at sun.reflect.DelegatingMethodAccessorImpl.invoke(DelegatingMethodAccessorImpl.java:43)
	at java.lang.reflect.Method.invoke(Method.java:498)
	at com.intellij.rt.execution.application.AppMain.main(AppMain.java:147)

2017-03-02 22:23:01,196 [main] class gov.nist.drmf.interpreter.maple.translation.MapleInterface - Cannot translate given maple input.
java.lang.IllegalArgumentException: Illegal length for Function: 2
	at gov.nist.drmf.interpreter.maple.translation.components.FunctionAndVariableTranslator.<init>(FunctionAndVariableTranslator.java:24)
	at gov.nist.drmf.interpreter.maple.translation.components.ListTranslator.translate(ListTranslator.java:45)
	at gov.nist.drmf.interpreter.maple.translation.components.AbstractAlgebraicTranslator.translateGeneralExpression(AbstractAlgebraicTranslator.java:48)
	at gov.nist.drmf.interpreter.maple.translation.MapleInterface.translate(MapleInterface.java:172)
	at gov.nist.drmf.interpreter.roundtrip.RoundTripInterface.translateFromMaple(RoundTripInterface.java:38)
	at gov.nist.drmf.interpreter.roundtrip.RoundTripTests.alphaTest(RoundTripTests.java:45)
	at sun.reflect.NativeMethodAccessorImpl.invoke0(Native Method)
	at sun.reflect.NativeMethodAccessorImpl.invoke(NativeMethodAccessorImpl.java:62)
	at sun.reflect.DelegatingMethodAccessorImpl.invoke(DelegatingMethodAccessorImpl.java:43)
	at java.lang.reflect.Method.invoke(Method.java:498)
	at org.junit.platform.commons.util.ReflectionUtils.invokeMethod(ReflectionUtils.java:289)
	at org.junit.jupiter.engine.execution.ExecutableInvoker.invoke(ExecutableInvoker.java:114)
	at org.junit.jupiter.engine.descriptor.MethodTestDescriptor.lambda$invokeTestMethod$7(MethodTestDescriptor.java:212)
	at org.junit.jupiter.engine.execution.ThrowableCollector.execute(ThrowableCollector.java:40)
	at org.junit.jupiter.engine.descriptor.MethodTestDescriptor.invokeTestMethod(MethodTestDescriptor.java:208)
	at org.junit.jupiter.engine.descriptor.MethodTestDescriptor.execute(MethodTestDescriptor.java:155)
	at org.junit.jupiter.engine.descriptor.MethodTestDescriptor.execute(MethodTestDescriptor.java:63)
	at org.junit.platform.engine.support.hierarchical.HierarchicalTestExecutor.lambda$execute$0(HierarchicalTestExecutor.java:80)
	at org.junit.platform.engine.support.hierarchical.SingleTestExecutor.executeSafely(SingleTestExecutor.java:66)
	at org.junit.platform.engine.support.hierarchical.HierarchicalTestExecutor.execute(HierarchicalTestExecutor.java:76)
	at org.junit.platform.engine.support.hierarchical.HierarchicalTestExecutor.lambda$execute$0(HierarchicalTestExecutor.java:87)
	at org.junit.platform.engine.support.hierarchical.SingleTestExecutor.executeSafely(SingleTestExecutor.java:66)
	at org.junit.platform.engine.support.hierarchical.HierarchicalTestExecutor.execute(HierarchicalTestExecutor.java:76)
	at org.junit.platform.engine.support.hierarchical.HierarchicalTestExecutor.lambda$execute$0(HierarchicalTestExecutor.java:87)
	at org.junit.platform.engine.support.hierarchical.SingleTestExecutor.executeSafely(SingleTestExecutor.java:66)
	at org.junit.platform.engine.support.hierarchical.HierarchicalTestExecutor.execute(HierarchicalTestExecutor.java:76)
	at org.junit.platform.engine.support.hierarchical.HierarchicalTestExecutor.execute(HierarchicalTestExecutor.java:51)
	at org.junit.platform.engine.support.hierarchical.HierarchicalTestEngine.execute(HierarchicalTestEngine.java:43)
	at org.junit.platform.launcher.core.DefaultLauncher.execute(DefaultLauncher.java:129)
	at org.junit.platform.launcher.core.DefaultLauncher.execute(DefaultLauncher.java:85)
	at com.intellij.junit5.JUnit5IdeaTestRunner.startRunnerWithArgs(JUnit5IdeaTestRunner.java:59)
	at com.intellij.rt.execution.junit.IdeaTestRunner$Repeater.startRunnerWithArgs(IdeaTestRunner.java:51)
	at com.intellij.rt.execution.junit.JUnitStarter.prepareStreamsAndStart(JUnitStarter.java:237)
	at com.intellij.rt.execution.junit.JUnitStarter.main(JUnitStarter.java:70)
	at sun.reflect.NativeMethodAccessorImpl.invoke0(Native Method)
	at sun.reflect.NativeMethodAccessorImpl.invoke(NativeMethodAccessorImpl.java:62)
	at sun.reflect.DelegatingMethodAccessorImpl.invoke(DelegatingMethodAccessorImpl.java:43)
	at java.lang.reflect.Method.invoke(Method.java:498)
	at com.intellij.rt.execution.application.AppMain.main(AppMain.java:147)

